{
  "stats": {
    "suites": 1,
    "tests": 6,
    "passes": 6,
    "pending": 0,
    "failures": 0,
    "start": "2023-07-13T14:33:20.770Z",
    "end": "2023-07-13T14:33:22.182Z",
    "duration": 1412,
    "testsRegistered": 6,
    "passPercent": 100,
    "pendingPercent": 0,
    "other": 0,
    "hasOther": false,
    "skipped": 0,
    "hasSkipped": false
  },
  "results": [
    {
      "uuid": "62ff1b7d-3689-4d6f-8805-2df27753bfb5",
      "title": "",
      "fullFile": "cypress\\e2e\\exercicio-api.cy.js",
      "file": "cypress\\e2e\\exercicio-api.cy.js",
      "beforeHooks": [],
      "afterHooks": [],
      "tests": [],
      "suites": [
        {
          "uuid": "5db84990-1571-40ae-a930-6d5d8b47299e",
          "title": "Testes da Funcionalidade Usuários",
          "fullFile": "",
          "file": "",
          "beforeHooks": [],
          "afterHooks": [],
          "tests": [
            {
              "title": "Deve validar contrato de usuários",
              "fullTitle": "Testes da Funcionalidade Usuários Deve validar contrato de usuários",
              "timedOut": null,
              "duration": 329,
              "state": "passed",
              "speed": "fast",
              "pass": true,
              "fail": false,
              "pending": false,
              "context": null,
              "code": "cy.request(\"GET\", \"/usuarios\").its(\"status\").should(\"equal\", 200);",
              "err": {},
              "uuid": "7ae4c468-66ee-4853-9ce0-d4cc1b9c00bf",
              "parentUUID": "5db84990-1571-40ae-a930-6d5d8b47299e",
              "isHook": false,
              "skipped": false
            },
            {
              "title": "Deve listar usuários cadastrados",
              "fullTitle": "Testes da Funcionalidade Usuários Deve listar usuários cadastrados",
              "timedOut": null,
              "duration": 177,
              "state": "passed",
              "speed": "fast",
              "pass": true,
              "fail": false,
              "pending": false,
              "context": null,
              "code": "cy.request(\"GET\", \"/usuarios\").its(\"status\").should(\"equal\", 200);",
              "err": {},
              "uuid": "a7345704-bf69-4c8f-b8b1-3c5d32e985ec",
              "parentUUID": "5db84990-1571-40ae-a930-6d5d8b47299e",
              "isHook": false,
              "skipped": false
            },
            {
              "title": "Deve cadastrar um usuário com sucesso",
              "fullTitle": "Testes da Funcionalidade Usuários Deve cadastrar um usuário com sucesso",
              "timedOut": null,
              "duration": 192,
              "state": "passed",
              "speed": "fast",
              "pass": true,
              "fail": false,
              "pending": false,
              "context": null,
              "code": "const novoEmail = _faker.internet.email();\ncy.cadastrarUsuario({\n  nome: \"Matheus Sena Aguiar\",\n  email: novoEmail,\n  password: \"teste\",\n  administrador: \"true\"\n}).then(usuarioId => {\n  Cypress.env(\"usuarioId\", usuarioId);\n});",
              "err": {},
              "uuid": "752912b1-31b7-473f-b8c9-24bad9ff966a",
              "parentUUID": "5db84990-1571-40ae-a930-6d5d8b47299e",
              "isHook": false,
              "skipped": false
            },
            {
              "title": "Deve validar um usuário com email inválido",
              "fullTitle": "Testes da Funcionalidade Usuários Deve validar um usuário com email inválido",
              "timedOut": null,
              "duration": 179,
              "state": "passed",
              "speed": "fast",
              "pass": true,
              "fail": false,
              "pending": false,
              "context": null,
              "code": "const invalidEmail = \"invalidemail\";\ncy.request({\n  method: \"POST\",\n  url: \"/usuarios\",\n  failOnStatusCode: false,\n  body: {\n    name: \"Matheus Neves dos Santos\",\n    email: invalidEmail,\n    password: \"senha123\"\n  }\n}).then(response => {\n  expect(response.status).to.equal(400);\n});",
              "err": {},
              "uuid": "f5ca6de4-d23f-4ec6-9d0f-13e7e2051b01",
              "parentUUID": "5db84990-1571-40ae-a930-6d5d8b47299e",
              "isHook": false,
              "skipped": false
            },
            {
              "title": "Deve editar um usuário previamente cadastrado",
              "fullTitle": "Testes da Funcionalidade Usuários Deve editar um usuário previamente cadastrado",
              "timedOut": null,
              "duration": 168,
              "state": "passed",
              "speed": "fast",
              "pass": true,
              "fail": false,
              "pending": false,
              "context": null,
              "code": "const usuarioId = Cypress.env(\"usuarioId\");\nconst novoEmail = _faker.internet.email();\nconst updatedUserData = {\n  nome: \"Matheus Sena Aguiar\",\n  email: novoEmail,\n  password: \"teste\",\n  administrador: \"true\"\n};\ncy.request(\"PUT\", `/usuarios/${usuarioId}`, updatedUserData).its(\"status\").should(\"equal\", 200);",
              "err": {},
              "uuid": "e2908e9d-a408-43a2-86a8-d24c3f380500",
              "parentUUID": "5db84990-1571-40ae-a930-6d5d8b47299e",
              "isHook": false,
              "skipped": false
            },
            {
              "title": "Deve deletar um usuário previamente cadastrado",
              "fullTitle": "Testes da Funcionalidade Usuários Deve deletar um usuário previamente cadastrado",
              "timedOut": null,
              "duration": 168,
              "state": "passed",
              "speed": "fast",
              "pass": true,
              "fail": false,
              "pending": false,
              "context": null,
              "code": "const usuarioId = Cypress.env(\"usuarioId\");\ncy.request(\"DELETE\", `/usuarios/${usuarioId}`).its(\"status\").should(\"equal\", 200);",
              "err": {},
              "uuid": "7626f62d-4235-45cb-83c7-321a523dfc79",
              "parentUUID": "5db84990-1571-40ae-a930-6d5d8b47299e",
              "isHook": false,
              "skipped": false
            }
          ],
          "suites": [],
          "passes": [
            "7ae4c468-66ee-4853-9ce0-d4cc1b9c00bf",
            "a7345704-bf69-4c8f-b8b1-3c5d32e985ec",
            "752912b1-31b7-473f-b8c9-24bad9ff966a",
            "f5ca6de4-d23f-4ec6-9d0f-13e7e2051b01",
            "e2908e9d-a408-43a2-86a8-d24c3f380500",
            "7626f62d-4235-45cb-83c7-321a523dfc79"
          ],
          "failures": [],
          "pending": [],
          "skipped": [],
          "duration": 1213,
          "root": false,
          "rootEmpty": false,
          "_timeout": 2000
        }
      ],
      "passes": [],
      "failures": [],
      "pending": [],
      "skipped": [],
      "duration": 0,
      "root": true,
      "rootEmpty": true,
      "_timeout": 2000
    }
  ],
  "meta": {
    "mocha": {
      "version": "7.0.1"
    },
    "mochawesome": {
      "options": {
        "quiet": false,
        "reportFilename": "mochawesome",
        "saveHtml": false,
        "saveJson": true,
        "consoleReporter": "spec",
        "useInlineDiffs": false,
        "code": true
      },
      "version": "7.1.3"
    },
    "marge": {
      "options": {
        "reportDir": "mochawesome-report",
        "overwrite": false,
        "html": false,
        "json": true
      },
      "version": "6.2.0"
    }
  }
}