{
  "stats": {
    "suites": 1,
    "tests": 6,
    "passes": 6,
    "pending": 0,
    "failures": 0,
    "start": "2023-07-12T14:40:45.576Z",
    "end": "2023-07-12T14:40:53.403Z",
    "duration": 7827,
    "testsRegistered": 6,
    "passPercent": 100,
    "pendingPercent": 0,
    "other": 0,
    "hasOther": false,
    "skipped": 0,
    "hasSkipped": false
  },
  "results": [
    {
      "uuid": "1557631f-e832-4658-8d18-69a75039067e",
      "title": "",
      "fullFile": "cypress\\e2e\\exercicio-api.cy.js",
      "file": "cypress\\e2e\\exercicio-api.cy.js",
      "beforeHooks": [],
      "afterHooks": [],
      "tests": [],
      "suites": [
        {
          "uuid": "91b121c4-bab5-4594-aacd-419d48a12e02",
          "title": "Testes da Funcionalidade Usuários",
          "fullFile": "",
          "file": "",
          "beforeHooks": [],
          "afterHooks": [],
          "tests": [
            {
              "title": "Deve validar contrato de usuários",
              "fullTitle": "Testes da Funcionalidade Usuários Deve validar contrato de usuários",
              "timedOut": null,
              "duration": 3795,
              "state": "passed",
              "speed": "fast",
              "pass": true,
              "fail": false,
              "pending": false,
              "context": null,
              "code": "cy.request(\"GET\", \"/usuarios\").its(\"status\").should(\"equal\", 200);",
              "err": {},
              "uuid": "83e35dd7-38ff-4467-8e92-7b6703cea0c3",
              "parentUUID": "91b121c4-bab5-4594-aacd-419d48a12e02",
              "isHook": false,
              "skipped": false
            },
            {
              "title": "Deve listar usuários cadastrados",
              "fullTitle": "Testes da Funcionalidade Usuários Deve listar usuários cadastrados",
              "timedOut": null,
              "duration": 1718,
              "state": "passed",
              "speed": "fast",
              "pass": true,
              "fail": false,
              "pending": false,
              "context": null,
              "code": "cy.request(\"GET\", \"/usuarios\").its(\"status\").should(\"equal\", 200);",
              "err": {},
              "uuid": "469ec553-eb0c-41ef-9685-00ac20fd7d46",
              "parentUUID": "91b121c4-bab5-4594-aacd-419d48a12e02",
              "isHook": false,
              "skipped": false
            },
            {
              "title": "Deve cadastrar um usuário com sucesso",
              "fullTitle": "Testes da Funcionalidade Usuários Deve cadastrar um usuário com sucesso",
              "timedOut": null,
              "duration": 1146,
              "state": "passed",
              "speed": "fast",
              "pass": true,
              "fail": false,
              "pending": false,
              "context": null,
              "code": "const novoEmail = _faker.internet.email();\ncy.cadastrarUsuario({\n  nome: \"Matheus Sena Aguiar\",\n  email: novoEmail,\n  password: \"teste\",\n  administrador: \"true\"\n}).then(usuarioId => {\n  Cypress.env(\"usuarioId\", usuarioId);\n});",
              "err": {},
              "uuid": "c79d5c6e-1cd1-400f-8421-f4d32ae7ed26",
              "parentUUID": "91b121c4-bab5-4594-aacd-419d48a12e02",
              "isHook": false,
              "skipped": false
            },
            {
              "title": "Deve validar um usuário com email inválido",
              "fullTitle": "Testes da Funcionalidade Usuários Deve validar um usuário com email inválido",
              "timedOut": null,
              "duration": 328,
              "state": "passed",
              "speed": "fast",
              "pass": true,
              "fail": false,
              "pending": false,
              "context": null,
              "code": "const invalidEmail = \"invalidemail\";\ncy.request({\n  method: \"POST\",\n  url: \"/usuarios\",\n  failOnStatusCode: false,\n  body: {\n    name: \"Matheus Neves dos Santos\",\n    email: invalidEmail,\n    password: \"senha123\"\n  }\n}).then(response => {\n  expect(response.status).to.equal(400);\n});",
              "err": {},
              "uuid": "451c5aee-4fe7-41eb-bde7-878132b1f5c8",
              "parentUUID": "91b121c4-bab5-4594-aacd-419d48a12e02",
              "isHook": false,
              "skipped": false
            },
            {
              "title": "Deve editar um usuário previamente cadastrado",
              "fullTitle": "Testes da Funcionalidade Usuários Deve editar um usuário previamente cadastrado",
              "timedOut": null,
              "duration": 333,
              "state": "passed",
              "speed": "fast",
              "pass": true,
              "fail": false,
              "pending": false,
              "context": null,
              "code": "const usuarioId = Cypress.env(\"usuarioId\");\nconst novoEmail = _faker.internet.email();\nconst updatedUserData = {\n  nome: \"Matheus Sena Aguiar\",\n  email: novoEmail,\n  password: \"teste\",\n  administrador: \"true\"\n};\ncy.request(\"PUT\", `/usuarios/${usuarioId}`, updatedUserData).its(\"status\").should(\"equal\", 200);",
              "err": {},
              "uuid": "32b9ffd4-494e-4bfd-8006-9f0f78d6a607",
              "parentUUID": "91b121c4-bab5-4594-aacd-419d48a12e02",
              "isHook": false,
              "skipped": false
            },
            {
              "title": "Deve deletar um usuário previamente cadastrado",
              "fullTitle": "Testes da Funcionalidade Usuários Deve deletar um usuário previamente cadastrado",
              "timedOut": null,
              "duration": 209,
              "state": "passed",
              "speed": "fast",
              "pass": true,
              "fail": false,
              "pending": false,
              "context": null,
              "code": "const usuarioId = Cypress.env(\"usuarioId\");\ncy.request(\"DELETE\", `/usuarios/${usuarioId}`).its(\"status\").should(\"equal\", 200);",
              "err": {},
              "uuid": "bab7202b-c2d3-4a43-ba02-d8fe3f632ccd",
              "parentUUID": "91b121c4-bab5-4594-aacd-419d48a12e02",
              "isHook": false,
              "skipped": false
            }
          ],
          "suites": [],
          "passes": [
            "83e35dd7-38ff-4467-8e92-7b6703cea0c3",
            "469ec553-eb0c-41ef-9685-00ac20fd7d46",
            "c79d5c6e-1cd1-400f-8421-f4d32ae7ed26",
            "451c5aee-4fe7-41eb-bde7-878132b1f5c8",
            "32b9ffd4-494e-4bfd-8006-9f0f78d6a607",
            "bab7202b-c2d3-4a43-ba02-d8fe3f632ccd"
          ],
          "failures": [],
          "pending": [],
          "skipped": [],
          "duration": 7529,
          "root": false,
          "rootEmpty": false,
          "_timeout": 2000
        }
      ],
      "passes": [],
      "failures": [],
      "pending": [],
      "skipped": [],
      "duration": 0,
      "root": true,
      "rootEmpty": true,
      "_timeout": 2000
    }
  ],
  "meta": {
    "mocha": {
      "version": "7.0.1"
    },
    "mochawesome": {
      "options": {
        "quiet": false,
        "reportFilename": "mochawesome",
        "saveHtml": false,
        "saveJson": true,
        "consoleReporter": "spec",
        "useInlineDiffs": false,
        "code": true
      },
      "version": "7.1.3"
    },
    "marge": {
      "options": {
        "reportDir": "mochawesome-report",
        "overwrite": false,
        "html": false,
        "json": true
      },
      "version": "6.2.0"
    }
  }
}