{
  "stats": {
    "suites": 1,
    "tests": 7,
    "passes": 6,
    "pending": 0,
    "failures": 1,
    "start": "2023-07-12T14:42:56.246Z",
    "end": "2023-07-12T14:42:58.622Z",
    "duration": 2376,
    "testsRegistered": 7,
    "passPercent": 85.71428571428571,
    "pendingPercent": 0,
    "other": 0,
    "hasOther": false,
    "skipped": 0,
    "hasSkipped": false
  },
  "results": [
    {
      "uuid": "0c6e1b9b-5144-4bc5-83cf-73c61175e4bd",
      "title": "",
      "fullFile": "cypress\\e2e\\produtos.cy.js",
      "file": "cypress\\e2e\\produtos.cy.js",
      "beforeHooks": [],
      "afterHooks": [],
      "tests": [],
      "suites": [
        {
          "uuid": "71cf5783-2e7f-4997-84c0-ad4eea5e4a67",
          "title": "Testes da Funcionalidade Produtos",
          "fullFile": "",
          "file": "",
          "beforeHooks": [],
          "afterHooks": [],
          "tests": [
            {
              "title": "Deve validar contrato de produtos",
              "fullTitle": "Testes da Funcionalidade Produtos Deve validar contrato de produtos",
              "timedOut": null,
              "duration": 555,
              "state": "passed",
              "speed": "fast",
              "pass": true,
              "fail": false,
              "pending": false,
              "context": null,
              "code": "cy.request(\"produtos\").then(response => {\n  return _produtos.default.validateAsync(response.body);\n});",
              "err": {},
              "uuid": "4364abfc-676c-4038-ad03-d94aea95d563",
              "parentUUID": "71cf5783-2e7f-4997-84c0-ad4eea5e4a67",
              "isHook": false,
              "skipped": false
            },
            {
              "title": "Deve listar os produtos cadastrados",
              "fullTitle": "Testes da Funcionalidade Produtos Deve listar os produtos cadastrados",
              "timedOut": null,
              "duration": 208,
              "state": "passed",
              "speed": "fast",
              "pass": true,
              "fail": false,
              "pending": false,
              "context": null,
              "code": "cy.request({\n  method: \"GET\",\n  url: \"produtos\"\n}).then(response => {\n  expect(response.status).to.equal(200);\n  expect(response.body).to.have.property(\"produtos\");\n  expect(response.duration).to.be.lessThan(20);\n});",
              "err": {},
              "uuid": "d6eeda9e-e341-4141-874b-fe7f0d1a672d",
              "parentUUID": "71cf5783-2e7f-4997-84c0-ad4eea5e4a67",
              "isHook": false,
              "skipped": false
            },
            {
              "title": "Deve cadastrar um produto com sucesso",
              "fullTitle": "Testes da Funcionalidade Produtos Deve cadastrar um produto com sucesso",
              "timedOut": null,
              "duration": 216,
              "state": "passed",
              "speed": "fast",
              "pass": true,
              "fail": false,
              "pending": false,
              "context": null,
              "code": "let produto = `Produto EBAC ${Math.floor(Math.random() * 100000000)}`;\ncy.request({\n  method: \"POST\",\n  url: \"produtos\",\n  body: {\n    nome: produto,\n    preco: 200,\n    descricao: \"Produto novo\",\n    quantidade: 100\n  },\n  headers: {\n    authorization: token\n  }\n}).then(response => {\n  expect(response.status).to.equal(201);\n  expect(response.body.message).to.equal(\"Cadastro realizado com sucesso\");\n});",
              "err": {},
              "uuid": "ce64afc5-0f21-44a9-bf56-e6241c448d4c",
              "parentUUID": "71cf5783-2e7f-4997-84c0-ad4eea5e4a67",
              "isHook": false,
              "skipped": false
            },
            {
              "title": "Deve validar mensagem de erro ao cadastrar produto repetido",
              "fullTitle": "Testes da Funcionalidade Produtos Deve validar mensagem de erro ao cadastrar produto repetido",
              "timedOut": null,
              "duration": 131,
              "state": "passed",
              "speed": "fast",
              "pass": true,
              "fail": false,
              "pending": false,
              "context": null,
              "code": "cy.cadastrarProduto(token, \"Produto EBAC Novo 1\", 250, \"Descrição do produto novo\", 180).then(response => {\n  expect(response.status).to.equal(400);\n  expect(response.body.message).to.equal(\"Já existe produto com esse nome\");\n});",
              "err": {},
              "uuid": "661535a5-9ef1-413b-80d7-e24676607deb",
              "parentUUID": "71cf5783-2e7f-4997-84c0-ad4eea5e4a67",
              "isHook": false,
              "skipped": false
            },
            {
              "title": "Deve editar um produto já cadastrado",
              "fullTitle": "Testes da Funcionalidade Produtos Deve editar um produto já cadastrado",
              "timedOut": null,
              "duration": 657,
              "state": "failed",
              "speed": null,
              "pass": false,
              "fail": true,
              "pending": false,
              "context": null,
              "code": "cy.request(\"produtos\").then(response => {\n  let id = response.body.produtos[0]._id;\n  cy.request({\n    method: \"PUT\",\n    url: `produtos/${id}`,\n    headers: {\n      authorization: token\n    },\n    body: {\n      nome: \"Produto Editado 45642083\",\n      preco: 100,\n      descricao: \"Produto editado\",\n      quantidade: 100\n    }\n  }).then(response => {\n    expect(response.body.message).to.equal(\"Registro alterado com sucesso\");\n  });\n});",
              "err": {
                "message": "CypressError: `cy.request()` failed on:\n\nhttp://localhost:3000/produtos/5GG7hnl2LvUgtgFS\n\nThe response we received from your web server was:\n\n  > 400: Bad Request\n\nThis was considered a failure because the status code was not `2xx` or `3xx`.\n\nIf you do not want status codes to cause failures pass the option: `failOnStatusCode: false`\n\n-----------------------------------------------------------\n\nThe request we sent was:\n\nMethod: PUT\nURL: http://localhost:3000/produtos/5GG7hnl2LvUgtgFS\nHeaders: {\n  \"Connection\": \"keep-alive\",\n  \"authorization\": \"Bearer eyJhbGciOiJIUzI1NiIsInR5cCI6IkpXVCJ9.eyJlbWFpbCI6Im1hdGhldXNzZW5hQG91dGxvb2suY29tIiwicGFzc3dvcmQiOiJ0ZXN0ZSIsImlhdCI6MTY4OTE3Mjk3NiwiZXhwIjoxNjg5MTczNTc2fQ.Ud641V7gB568MG8sd1aiPzE7MxfI_rayqoHG_azhBtA\",\n  \"user-agent\": \"Mozilla/5.0 (Windows NT 10.0; Win64; x64) AppleWebKit/537.36 (KHTML, like Gecko) Cypress/12.17.1 Chrome/106.0.5249.51 Electron/21.0.0 Safari/537.36\",\n  \"accept\": \"*/*\",\n  \"accept-encoding\": \"gzip, deflate\",\n  \"content-type\": \"application/json\",\n  \"content-length\": 94\n}\nBody: {\"nome\":\"Produto Editado 45642083\",\"preco\":100,\"descricao\":\"Produto editado\",\"quantidade\":100}\n\n-----------------------------------------------------------\n\nThe response we got was:\n\nStatus: 400 - Bad Request\nHeaders: {\n  \"access-control-allow-origin\": \"*\",\n  \"x-dns-prefetch-control\": \"off\",\n  \"x-frame-options\": \"SAMEORIGIN\",\n  \"strict-transport-security\": \"max-age=15552000; includeSubDomains\",\n  \"x-download-options\": \"noopen\",\n  \"x-content-type-options\": \"nosniff\",\n  \"x-xss-protection\": \"1; mode=block\",\n  \"x-moesif-transaction-id\": \"da595a40-5d8c-4d5f-9732-37add0fcc63c\",\n  \"content-type\": \"application/json; charset=utf-8\",\n  \"content-length\": \"53\",\n  \"date\": \"Wed, 12 Jul 2023 14:42:57 GMT\",\n  \"connection\": \"keep-alive\",\n  \"keep-alive\": \"timeout=5\"\n}\nBody: {\n  \"message\": \"Já existe produto com esse nome\"\n}\n\n\nhttps://on.cypress.io/request",
                "estack": "CypressError: `cy.request()` failed on:\n\nhttp://localhost:3000/produtos/5GG7hnl2LvUgtgFS\n\nThe response we received from your web server was:\n\n  > 400: Bad Request\n\nThis was considered a failure because the status code was not `2xx` or `3xx`.\n\nIf you do not want status codes to cause failures pass the option: `failOnStatusCode: false`\n\n-----------------------------------------------------------\n\nThe request we sent was:\n\nMethod: PUT\nURL: http://localhost:3000/produtos/5GG7hnl2LvUgtgFS\nHeaders: {\n  \"Connection\": \"keep-alive\",\n  \"authorization\": \"Bearer eyJhbGciOiJIUzI1NiIsInR5cCI6IkpXVCJ9.eyJlbWFpbCI6Im1hdGhldXNzZW5hQG91dGxvb2suY29tIiwicGFzc3dvcmQiOiJ0ZXN0ZSIsImlhdCI6MTY4OTE3Mjk3NiwiZXhwIjoxNjg5MTczNTc2fQ.Ud641V7gB568MG8sd1aiPzE7MxfI_rayqoHG_azhBtA\",\n  \"user-agent\": \"Mozilla/5.0 (Windows NT 10.0; Win64; x64) AppleWebKit/537.36 (KHTML, like Gecko) Cypress/12.17.1 Chrome/106.0.5249.51 Electron/21.0.0 Safari/537.36\",\n  \"accept\": \"*/*\",\n  \"accept-encoding\": \"gzip, deflate\",\n  \"content-type\": \"application/json\",\n  \"content-length\": 94\n}\nBody: {\"nome\":\"Produto Editado 45642083\",\"preco\":100,\"descricao\":\"Produto editado\",\"quantidade\":100}\n\n-----------------------------------------------------------\n\nThe response we got was:\n\nStatus: 400 - Bad Request\nHeaders: {\n  \"access-control-allow-origin\": \"*\",\n  \"x-dns-prefetch-control\": \"off\",\n  \"x-frame-options\": \"SAMEORIGIN\",\n  \"strict-transport-security\": \"max-age=15552000; includeSubDomains\",\n  \"x-download-options\": \"noopen\",\n  \"x-content-type-options\": \"nosniff\",\n  \"x-xss-protection\": \"1; mode=block\",\n  \"x-moesif-transaction-id\": \"da595a40-5d8c-4d5f-9732-37add0fcc63c\",\n  \"content-type\": \"application/json; charset=utf-8\",\n  \"content-length\": \"53\",\n  \"date\": \"Wed, 12 Jul 2023 14:42:57 GMT\",\n  \"connection\": \"keep-alive\",\n  \"keep-alive\": \"timeout=5\"\n}\nBody: {\n  \"message\": \"Já existe produto com esse nome\"\n}\n\n\nhttps://on.cypress.io/request\n    at <unknown> (http://localhost:3000/__cypress/runner/cypress_runner.js:149364:80)\n    at tryCatcher (http://localhost:3000/__cypress/runner/cypress_runner.js:18744:23)\n    at Promise._settlePromiseFromHandler (http://localhost:3000/__cypress/runner/cypress_runner.js:16679:31)\n    at Promise._settlePromise (http://localhost:3000/__cypress/runner/cypress_runner.js:16736:18)\n    at Promise._settlePromise0 (http://localhost:3000/__cypress/runner/cypress_runner.js:16781:10)\n    at Promise._settlePromises (http://localhost:3000/__cypress/runner/cypress_runner.js:16861:18)\n    at _drainQueueStep (http://localhost:3000/__cypress/runner/cypress_runner.js:13451:12)\n    at _drainQueue (http://localhost:3000/__cypress/runner/cypress_runner.js:13444:9)\n    at ../../node_modules/bluebird/js/release/async.js.Async._drainQueues (http://localhost:3000/__cypress/runner/cypress_runner.js:13460:5)\n    at Async.drainQueues (http://localhost:3000/__cypress/runner/cypress_runner.js:13330:14)\nFrom Your Spec Code:\n    at Context.eval (webpack:///./cypress/e2e/produtos.cy.js:63:9)",
                "diff": null
              },
              "uuid": "8f5a345e-3089-431a-a0d8-d32eec4fc2c0",
              "parentUUID": "71cf5783-2e7f-4997-84c0-ad4eea5e4a67",
              "isHook": false,
              "skipped": false
            },
            {
              "title": "Deve editar um produto cadastrado previamente",
              "fullTitle": "Testes da Funcionalidade Produtos Deve editar um produto cadastrado previamente",
              "timedOut": null,
              "duration": 161,
              "state": "passed",
              "speed": "fast",
              "pass": true,
              "fail": false,
              "pending": false,
              "context": null,
              "code": "let produto = `Produto EBAC ${Math.floor(Math.random() * 100000000)}`;\ncy.cadastrarProduto(token, produto, 250, \"Descrição do produto novo\", 180).then(response => {\n  let id = response.body._id;\n  cy.request({\n    method: \"PUT\",\n    url: `produtos/${id}`,\n    headers: {\n      authorization: token\n    },\n    body: {\n      nome: produto,\n      preco: 200,\n      descricao: \"Produto editado\",\n      quantidade: 300\n    }\n  }).then(response => {\n    expect(response.body.message).to.equal(\"Registro alterado com sucesso\");\n  });\n});",
              "err": {},
              "uuid": "7e36fffd-3896-4c60-89ee-fe6a46f6a751",
              "parentUUID": "71cf5783-2e7f-4997-84c0-ad4eea5e4a67",
              "isHook": false,
              "skipped": false
            },
            {
              "title": "Deve deletar um produto previamente cadastrado",
              "fullTitle": "Testes da Funcionalidade Produtos Deve deletar um produto previamente cadastrado",
              "timedOut": null,
              "duration": 124,
              "state": "passed",
              "speed": "fast",
              "pass": true,
              "fail": false,
              "pending": false,
              "context": null,
              "code": "let produto = `Produto EBAC ${Math.floor(Math.random() * 100000000)}`;\ncy.cadastrarProduto(token, produto, 250, \"Descrição do produto novo\", 180).then(response => {\n  let id = response.body._id;\n  cy.request({\n    method: \"DELETE\",\n    url: `produtos/${id}`,\n    headers: {\n      authorization: token\n    }\n  }).then(response => {\n    expect(response.body.message).to.equal(\"Registro excluído com sucesso\");\n    expect(response.status).to.equal(200);\n  });\n});",
              "err": {},
              "uuid": "8cc1fc6b-bc70-4eee-8770-956da44d87e2",
              "parentUUID": "71cf5783-2e7f-4997-84c0-ad4eea5e4a67",
              "isHook": false,
              "skipped": false
            }
          ],
          "suites": [],
          "passes": [
            "4364abfc-676c-4038-ad03-d94aea95d563",
            "d6eeda9e-e341-4141-874b-fe7f0d1a672d",
            "ce64afc5-0f21-44a9-bf56-e6241c448d4c",
            "661535a5-9ef1-413b-80d7-e24676607deb",
            "7e36fffd-3896-4c60-89ee-fe6a46f6a751",
            "8cc1fc6b-bc70-4eee-8770-956da44d87e2"
          ],
          "failures": [
            "8f5a345e-3089-431a-a0d8-d32eec4fc2c0"
          ],
          "pending": [],
          "skipped": [],
          "duration": 2052,
          "root": false,
          "rootEmpty": false,
          "_timeout": 2000
        }
      ],
      "passes": [],
      "failures": [],
      "pending": [],
      "skipped": [],
      "duration": 0,
      "root": true,
      "rootEmpty": true,
      "_timeout": 2000
    }
  ],
  "meta": {
    "mocha": {
      "version": "7.0.1"
    },
    "mochawesome": {
      "options": {
        "quiet": false,
        "reportFilename": "mochawesome",
        "saveHtml": false,
        "saveJson": true,
        "consoleReporter": "spec",
        "useInlineDiffs": false,
        "code": true
      },
      "version": "7.1.3"
    },
    "marge": {
      "options": {
        "reportDir": "mochawesome-report",
        "overwrite": false,
        "html": false,
        "json": true
      },
      "version": "6.2.0"
    }
  }
}