{
  "stats": {
    "suites": 1,
    "tests": 6,
    "passes": 6,
    "pending": 0,
    "failures": 0,
    "start": "2023-07-12T16:38:04.151Z",
    "end": "2023-07-12T16:38:05.960Z",
    "duration": 1809,
    "testsRegistered": 6,
    "passPercent": 100,
    "pendingPercent": 0,
    "other": 0,
    "hasOther": false,
    "skipped": 0,
    "hasSkipped": false
  },
  "results": [
    {
      "uuid": "e146c8b6-89f1-4878-9721-6af75f105edc",
      "title": "",
      "fullFile": "cypress\\e2e\\exercicio-api.cy.js",
      "file": "cypress\\e2e\\exercicio-api.cy.js",
      "beforeHooks": [],
      "afterHooks": [],
      "tests": [],
      "suites": [
        {
          "uuid": "dfcac169-d506-4def-8ef5-fdc1e8db6c77",
          "title": "Testes da Funcionalidade Usuários",
          "fullFile": "",
          "file": "",
          "beforeHooks": [],
          "afterHooks": [],
          "tests": [
            {
              "title": "Deve validar contrato de usuários",
              "fullTitle": "Testes da Funcionalidade Usuários Deve validar contrato de usuários",
              "timedOut": null,
              "duration": 478,
              "state": "passed",
              "speed": "fast",
              "pass": true,
              "fail": false,
              "pending": false,
              "context": null,
              "code": "cy.request(\"GET\", \"/usuarios\").its(\"status\").should(\"equal\", 200);",
              "err": {},
              "uuid": "296a71cb-9132-4c60-9d40-9dcd0a091108",
              "parentUUID": "dfcac169-d506-4def-8ef5-fdc1e8db6c77",
              "isHook": false,
              "skipped": false
            },
            {
              "title": "Deve listar usuários cadastrados",
              "fullTitle": "Testes da Funcionalidade Usuários Deve listar usuários cadastrados",
              "timedOut": null,
              "duration": 214,
              "state": "passed",
              "speed": "fast",
              "pass": true,
              "fail": false,
              "pending": false,
              "context": null,
              "code": "cy.request(\"GET\", \"/usuarios\").its(\"status\").should(\"equal\", 200);",
              "err": {},
              "uuid": "d986a74b-b52b-4641-9a8a-c63920044a23",
              "parentUUID": "dfcac169-d506-4def-8ef5-fdc1e8db6c77",
              "isHook": false,
              "skipped": false
            },
            {
              "title": "Deve cadastrar um usuário com sucesso",
              "fullTitle": "Testes da Funcionalidade Usuários Deve cadastrar um usuário com sucesso",
              "timedOut": null,
              "duration": 328,
              "state": "passed",
              "speed": "fast",
              "pass": true,
              "fail": false,
              "pending": false,
              "context": null,
              "code": "const novoEmail = _faker.internet.email();\ncy.cadastrarUsuario({\n  nome: \"Matheus Sena Aguiar\",\n  email: novoEmail,\n  password: \"teste\",\n  administrador: \"true\"\n}).then(usuarioId => {\n  Cypress.env(\"usuarioId\", usuarioId);\n});",
              "err": {},
              "uuid": "26747d6f-e5d4-40c1-bd3c-f6acede1c417",
              "parentUUID": "dfcac169-d506-4def-8ef5-fdc1e8db6c77",
              "isHook": false,
              "skipped": false
            },
            {
              "title": "Deve validar um usuário com email inválido",
              "fullTitle": "Testes da Funcionalidade Usuários Deve validar um usuário com email inválido",
              "timedOut": null,
              "duration": 193,
              "state": "passed",
              "speed": "fast",
              "pass": true,
              "fail": false,
              "pending": false,
              "context": null,
              "code": "const invalidEmail = \"invalidemail\";\ncy.request({\n  method: \"POST\",\n  url: \"/usuarios\",\n  failOnStatusCode: false,\n  body: {\n    name: \"Matheus Neves dos Santos\",\n    email: invalidEmail,\n    password: \"senha123\"\n  }\n}).then(response => {\n  expect(response.status).to.equal(400);\n});",
              "err": {},
              "uuid": "ab3f5ca3-1e4f-4dfb-ad68-911b6ad57f5b",
              "parentUUID": "dfcac169-d506-4def-8ef5-fdc1e8db6c77",
              "isHook": false,
              "skipped": false
            },
            {
              "title": "Deve editar um usuário previamente cadastrado",
              "fullTitle": "Testes da Funcionalidade Usuários Deve editar um usuário previamente cadastrado",
              "timedOut": null,
              "duration": 199,
              "state": "passed",
              "speed": "fast",
              "pass": true,
              "fail": false,
              "pending": false,
              "context": null,
              "code": "const usuarioId = Cypress.env(\"usuarioId\");\nconst novoEmail = _faker.internet.email();\nconst updatedUserData = {\n  nome: \"Matheus Sena Aguiar\",\n  email: novoEmail,\n  password: \"teste\",\n  administrador: \"true\"\n};\ncy.request(\"PUT\", `/usuarios/${usuarioId}`, updatedUserData).its(\"status\").should(\"equal\", 200);",
              "err": {},
              "uuid": "e626f141-d8b5-4615-a889-573eff9616f6",
              "parentUUID": "dfcac169-d506-4def-8ef5-fdc1e8db6c77",
              "isHook": false,
              "skipped": false
            },
            {
              "title": "Deve deletar um usuário previamente cadastrado",
              "fullTitle": "Testes da Funcionalidade Usuários Deve deletar um usuário previamente cadastrado",
              "timedOut": null,
              "duration": 189,
              "state": "passed",
              "speed": "fast",
              "pass": true,
              "fail": false,
              "pending": false,
              "context": null,
              "code": "const usuarioId = Cypress.env(\"usuarioId\");\ncy.request(\"DELETE\", `/usuarios/${usuarioId}`).its(\"status\").should(\"equal\", 200);",
              "err": {},
              "uuid": "4433f637-b468-4b19-8c24-29e546e1f735",
              "parentUUID": "dfcac169-d506-4def-8ef5-fdc1e8db6c77",
              "isHook": false,
              "skipped": false
            }
          ],
          "suites": [],
          "passes": [
            "296a71cb-9132-4c60-9d40-9dcd0a091108",
            "d986a74b-b52b-4641-9a8a-c63920044a23",
            "26747d6f-e5d4-40c1-bd3c-f6acede1c417",
            "ab3f5ca3-1e4f-4dfb-ad68-911b6ad57f5b",
            "e626f141-d8b5-4615-a889-573eff9616f6",
            "4433f637-b468-4b19-8c24-29e546e1f735"
          ],
          "failures": [],
          "pending": [],
          "skipped": [],
          "duration": 1601,
          "root": false,
          "rootEmpty": false,
          "_timeout": 2000
        }
      ],
      "passes": [],
      "failures": [],
      "pending": [],
      "skipped": [],
      "duration": 0,
      "root": true,
      "rootEmpty": true,
      "_timeout": 2000
    }
  ],
  "meta": {
    "mocha": {
      "version": "7.0.1"
    },
    "mochawesome": {
      "options": {
        "quiet": false,
        "reportFilename": "mochawesome",
        "saveHtml": false,
        "saveJson": true,
        "consoleReporter": "spec",
        "useInlineDiffs": false,
        "code": true
      },
      "version": "7.1.3"
    },
    "marge": {
      "options": {
        "reportDir": "mochawesome-report",
        "overwrite": false,
        "html": false,
        "json": true
      },
      "version": "6.2.0"
    }
  }
}